# JRE version: OpenJDK Runtime Environment (8.0_131-b11) (build 1.8.0_131-8u131-b11-0ubuntu1.16.04.2-b11)
# Java VM: OpenJDK 64-Bit Server VM (25.131-b11 mixed mode linux-amd64 compressed oops)
Heap:
 PSYoungGen      total 113664K, used 57483K [0x00000000d7000000, 0x00000000e1500000, 0x0000000100000000)
  eden space 101376K, 56% used [0x00000000d7000000,0x00000000da802c50,0x00000000dd300000)
  from space 12288K, 1% used [0x00000000dd300000,0x00000000dd320000,0x00000000ddf00000)
  to   space 12800K, 0% used [0x00000000e0880000,0x00000000e0880000,0x00000000e1500000)
 ParOldGen       total 69632K, used 17715K [0x0000000085000000, 0x0000000089400000, 0x00000000d7000000)
  object space 69632K, 25% used [0x0000000085000000,0x000000008614cf20,0x0000000089400000)
 Metaspace       used 24902K, capacity 25904K, committed 25984K, reserved 1071104K
  class space    used 3155K, capacity 3407K, committed 3456K, reserved 1048576K
GC Heap History (10 events):
Event: 6,976 GC heap before
{Heap before GC invocations=6 (full 1):
 PSYoungGen      total 44032K, used 44016K [0x00000000d7000000, 0x00000000da080000, 0x0000000100000000)
  eden space 38912K, 100% used [0x00000000d7000000,0x00000000d9600000,0x00000000d9600000)
  from space 5120K, 99% used [0x00000000d9b80000,0x00000000da07c038,0x00000000da080000)
  to   space 5120K, 0% used [0x00000000d9680000,0x00000000d9680000,0x00000000d9b80000)
 ParOldGen       total 69632K, used 12500K [0x0000000085000000, 0x0000000089400000, 0x00000000d7000000)
  object space 69632K, 17% used [0x0000000085000000,0x0000000085c35320,0x0000000089400000)
 Metaspace       used 24783K, capacity 25838K, committed 25984K, reserved 1071104K
  class space    used 3146K, capacity 3406K, committed 3456K, reserved 1048576K
Event: 6,980 GC heap after
Heap after GC invocations=6 (full 1):
 PSYoungGen      total 44544K, used 5104K [0x00000000d7000000, 0x00000000dc180000, 0x0000000100000000)
  eden space 39424K, 0% used [0x00000000d7000000,0x00000000d7000000,0x00000000d9680000)
  from space 5120K, 99% used [0x00000000d9680000,0x00000000d9b7c038,0x00000000d9b80000)
  to   space 11776K, 0% used [0x00000000db600000,0x00000000db600000,0x00000000dc180000)
 ParOldGen       total 69632K, used 12564K [0x0000000085000000, 0x0000000089400000, 0x00000000d7000000)
  object space 69632K, 18% used [0x0000000085000000,0x0000000085c45320,0x0000000089400000)
 Metaspace       used 24783K, capacity 25838K, committed 25984K, reserved 1071104K
  class space    used 3146K, capacity 3406K, committed 3456K, reserved 1048576K
}
Event: 7,027 GC heap before
{Heap before GC invocations=7 (full 1):
 PSYoungGen      total 44544K, used 44528K [0x00000000d7000000, 0x00000000dc180000, 0x0000000100000000)
  eden space 39424K, 100% used [0x00000000d7000000,0x00000000d9680000,0x00000000d9680000)
  from space 5120K, 99% used [0x00000000d9680000,0x00000000d9b7c038,0x00000000d9b80000)
  to   space 11776K, 0% used [0x00000000db600000,0x00000000db600000,0x00000000dc180000)
 ParOldGen       total 69632K, used 12564K [0x0000000085000000, 0x0000000089400000, 0x00000000d7000000)
  object space 69632K, 18% used [0x0000000085000000,0x0000000085c45320,0x0000000089400000)
 Metaspace       used 24784K, capacity 25838K, committed 25984K, reserved 1071104K
  class space    used 3146K, capacity 3406K, committed 3456K, reserved 1048576K
Event: 7,033 GC heap after
Heap after GC invocations=7 (full 1):
 PSYoungGen      total 71680K, used 5218K [0x00000000d7000000, 0x00000000dc800000, 0x0000000100000000)
  eden space 59904K, 0% used [0x00000000d7000000,0x00000000d7000000,0x00000000daa80000)
  from space 11776K, 44% used [0x00000000db600000,0x00000000dbb18ab8,0x00000000dc180000)
  to   space 11776K, 0% used [0x00000000daa80000,0x00000000daa80000,0x00000000db600000)
 ParOldGen       total 69632K, used 12572K [0x0000000085000000, 0x0000000089400000, 0x00000000d7000000)
  object space 69632K, 18% used [0x0000000085000000,0x0000000085c47320,0x0000000089400000)
 Metaspace       used 24784K, capacity 25838K, committed 25984K, reserved 1071104K
  class space    used 3146K, capacity 3406K, committed 3456K, reserved 1048576K
}
Event: 7,100 GC heap before
{Heap before GC invocations=8 (full 1):
 PSYoungGen      total 71680K, used 65122K [0x00000000d7000000, 0x00000000dc800000, 0x0000000100000000)
  eden space 59904K, 100% used [0x00000000d7000000,0x00000000daa80000,0x00000000daa80000)
  from space 11776K, 44% used [0x00000000db600000,0x00000000dbb18ab8,0x00000000dc180000)
  to   space 11776K, 0% used [0x00000000daa80000,0x00000000daa80000,0x00000000db600000)
 ParOldGen       total 69632K, used 12572K [0x0000000085000000, 0x0000000089400000, 0x00000000d7000000)
  object space 69632K, 18% used [0x0000000085000000,0x0000000085c47320,0x0000000089400000)
 Metaspace       used 24788K, capacity 25838K, committed 25984K, reserved 1071104K
  class space    used 3146K, capacity 3406K, committed 3456K, reserved 1048576K
Event: 7,105 GC heap after
Heap after GC invocations=8 (full 1):
 PSYoungGen      total 71680K, used 5186K [0x00000000d7000000, 0x00000000dea00000, 0x0000000100000000)
  eden space 59904K, 0% used [0x00000000d7000000,0x00000000d7000000,0x00000000daa80000)
  from space 11776K, 44% used [0x00000000daa80000,0x00000000daf90ab8,0x00000000db600000)
  to   space 11264K, 0% used [0x00000000ddf00000,0x00000000ddf00000,0x00000000dea00000)
 ParOldGen       total 69632K, used 12580K [0x0000000085000000, 0x0000000089400000, 0x00000000d7000000)
  object space 69632K, 18% used [0x0000000085000000,0x0000000085c49320,0x0000000089400000)
 Metaspace       used 24788K, capacity 25838K, committed 25984K, reserved 1071104K
  class space    used 3146K, capacity 3406K, committed 3456K, reserved 1048576K
}
Event: 7,171 GC heap before
{Heap before GC invocations=9 (full 1):
 PSYoungGen      total 71680K, used 65090K [0x00000000d7000000, 0x00000000dea00000, 0x0000000100000000)
  eden space 59904K, 100% used [0x00000000d7000000,0x00000000daa80000,0x00000000daa80000)
  from space 11776K, 44% used [0x00000000daa80000,0x00000000daf90ab8,0x00000000db600000)
  to   space 11264K, 0% used [0x00000000ddf00000,0x00000000ddf00000,0x00000000dea00000)
 ParOldGen       total 69632K, used 12580K [0x0000000085000000, 0x0000000089400000, 0x00000000d7000000)
  object space 69632K, 18% used [0x0000000085000000,0x0000000085c49320,0x0000000089400000)
 Metaspace       used 24791K, capacity 25838K, committed 25984K, reserved 1071104K
  class space    used 3146K, capacity 3406K, committed 3456K, reserved 1048576K
Event: 7,176 GC heap after
Heap after GC invocations=9 (full 1):
 PSYoungGen      total 112640K, used 160K [0x00000000d7000000, 0x00000000ded00000, 0x0000000100000000)
  eden space 101376K, 0% used [0x00000000d7000000,0x00000000d7000000,0x00000000dd300000)
  from space 11264K, 1% used [0x00000000ddf00000,0x00000000ddf28000,0x00000000dea00000)
  to   space 12288K, 0% used [0x00000000dd300000,0x00000000dd300000,0x00000000ddf00000)
 ParOldGen       total 69632K, used 17675K [0x0000000085000000, 0x0000000089400000, 0x00000000d7000000)
  object space 69632K, 25% used [0x0000000085000000,0x0000000086142f20,0x0000000089400000)
 Metaspace       used 24791K, capacity 25838K, committed 25984K, reserved 1071104K
  class space    used 3146K, capacity 3406K, committed 3456K, reserved 1048576K
}
Event: 7,282 GC heap before
{Heap before GC invocations=10 (full 1):
 PSYoungGen      total 112640K, used 101536K [0x00000000d7000000, 0x00000000ded00000, 0x0000000100000000)
  eden space 101376K, 100% used [0x00000000d7000000,0x00000000dd300000,0x00000000dd300000)
  from space 11264K, 1% used [0x00000000ddf00000,0x00000000ddf28000,0x00000000dea00000)
  to   space 12288K, 0% used [0x00000000dd300000,0x00000000dd300000,0x00000000ddf00000)
 ParOldGen       total 69632K, used 17675K [0x0000000085000000, 0x0000000089400000, 0x00000000d7000000)
  object space 69632K, 25% used [0x0000000085000000,0x0000000086142f20,0x0000000089400000)
 Metaspace       used 24794K, capacity 25838K, committed 25984K, reserved 1071104K
  class space    used 3146K, capacity 3406K, committed 3456K, reserved 1048576K
Event: 7,284 GC heap after
Heap after GC invocations=10 (full 1):
 PSYoungGen      total 113664K, used 128K [0x00000000d7000000, 0x00000000e1500000, 0x0000000100000000)
  eden space 101376K, 0% used [0x00000000d7000000,0x00000000d7000000,0x00000000dd300000)
  from space 12288K, 1% used [0x00000000dd300000,0x00000000dd320000,0x00000000ddf00000)
  to   space 12800K, 0% used [0x00000000e0880000,0x00000000e0880000,0x00000000e1500000)
 ParOldGen       total 69632K, used 17715K [0x0000000085000000, 0x0000000089400000, 0x00000000d7000000)
  object space 69632K, 25% used [0x0000000085000000,0x000000008614cf20,0x0000000089400000)
 Metaspace       used 24794K, capacity 25838K, committed 25984K, reserved 1071104K
  class space    used 3146K, capacity 3406K, committed 3456K, reserved 1048576K
}

