# JRE version: OpenJDK Runtime Environment (8.0_131-b11) (build 1.8.0_131-8u131-b11-0ubuntu1.16.04.2-b11)
# Java VM: OpenJDK 64-Bit Server VM (25.131-b11 mixed mode linux-amd64 compressed oops)
Heap:
 PSYoungGen      total 109568K, used 24955K [0x00000000d7000000, 0x00000000dec00000, 0x0000000100000000)
  eden space 98304K, 25% used [0x00000000d7000000,0x00000000d8846d88,0x00000000dd000000)
  from space 11264K, 0% used [0x00000000ddc00000,0x00000000ddc18000,0x00000000de700000)
  to   space 12288K, 0% used [0x00000000dd000000,0x00000000dd000000,0x00000000ddc00000)
 ParOldGen       total 69120K, used 17540K [0x0000000085000000, 0x0000000089380000, 0x00000000d7000000)
  object space 69120K, 25% used [0x0000000085000000,0x0000000086121138,0x0000000089380000)
 Metaspace       used 24924K, capacity 25972K, committed 26240K, reserved 1073152K
  class space    used 3155K, capacity 3407K, committed 3456K, reserved 1048576K
GC Heap History (10 events):
Event: 6,028 GC heap before
{Heap before GC invocations=5 (full 1):
 PSYoungGen      total 36864K, used 36834K [0x00000000d7000000, 0x00000000da100000, 0x0000000100000000)
  eden space 31744K, 100% used [0x00000000d7000000,0x00000000d8f00000,0x00000000d8f00000)
  from space 5120K, 99% used [0x00000000d8f00000,0x00000000d93f8ab8,0x00000000d9400000)
  to   space 5120K, 0% used [0x00000000d9c00000,0x00000000d9c00000,0x00000000da100000)
 ParOldGen       total 69120K, used 12147K [0x0000000085000000, 0x0000000089380000, 0x00000000d7000000)
  object space 69120K, 17% used [0x0000000085000000,0x0000000085bdcd30,0x0000000089380000)
 Metaspace       used 24801K, capacity 25842K, committed 25984K, reserved 1071104K
  class space    used 3145K, capacity 3406K, committed 3456K, reserved 1048576K
Event: 6,034 GC heap after
Heap after GC invocations=5 (full 1):
 PSYoungGen      total 44032K, used 5090K [0x00000000d7000000, 0x00000000da100000, 0x0000000100000000)
  eden space 38912K, 0% used [0x00000000d7000000,0x00000000d7000000,0x00000000d9600000)
  from space 5120K, 99% used [0x00000000d9c00000,0x00000000da0f8ab8,0x00000000da100000)
  to   space 5120K, 0% used [0x00000000d9700000,0x00000000d9700000,0x00000000d9c00000)
 ParOldGen       total 69120K, used 12365K [0x0000000085000000, 0x0000000089380000, 0x00000000d7000000)
  object space 69120K, 17% used [0x0000000085000000,0x0000000085c13760,0x0000000089380000)
 Metaspace       used 24801K, capacity 25842K, committed 25984K, reserved 1071104K
  class space    used 3145K, capacity 3406K, committed 3456K, reserved 1048576K
}
Event: 6,081 GC heap before
{Heap before GC invocations=6 (full 1):
 PSYoungGen      total 44032K, used 44002K [0x00000000d7000000, 0x00000000da100000, 0x0000000100000000)
  eden space 38912K, 100% used [0x00000000d7000000,0x00000000d9600000,0x00000000d9600000)
  from space 5120K, 99% used [0x00000000d9c00000,0x00000000da0f8ab8,0x00000000da100000)
  to   space 5120K, 0% used [0x00000000d9700000,0x00000000d9700000,0x00000000d9c00000)
 ParOldGen       total 69120K, used 12365K [0x0000000085000000, 0x0000000089380000, 0x00000000d7000000)
  object space 69120K, 17% used [0x0000000085000000,0x0000000085c13760,0x0000000089380000)
 Metaspace       used 24808K, capacity 25842K, committed 25984K, reserved 1071104K
  class space    used 3145K, capacity 3406K, committed 3456K, reserved 1048576K
Event: 6,086 GC heap after
Heap after GC invocations=6 (full 1):
 PSYoungGen      total 45056K, used 5104K [0x00000000d7000000, 0x00000000dc100000, 0x0000000100000000)
  eden space 39936K, 0% used [0x00000000d7000000,0x00000000d7000000,0x00000000d9700000)
  from space 5120K, 99% used [0x00000000d9700000,0x00000000d9bfc038,0x00000000d9c00000)
  to   space 11776K, 0% used [0x00000000db580000,0x00000000db580000,0x00000000dc100000)
 ParOldGen       total 69120K, used 12389K [0x0000000085000000, 0x0000000089380000, 0x00000000d7000000)
  object space 69120K, 17% used [0x0000000085000000,0x0000000085c19760,0x0000000089380000)
 Metaspace       used 24808K, capacity 25842K, committed 25984K, reserved 1071104K
  class space    used 3145K, capacity 3406K, committed 3456K, reserved 1048576K
}
Event: 6,134 GC heap before
{Heap before GC invocations=7 (full 1):
 PSYoungGen      total 45056K, used 45040K [0x00000000d7000000, 0x00000000dc100000, 0x0000000100000000)
  eden space 39936K, 100% used [0x00000000d7000000,0x00000000d9700000,0x00000000d9700000)
  from space 5120K, 99% used [0x00000000d9700000,0x00000000d9bfc038,0x00000000d9c00000)
  to   space 11776K, 0% used [0x00000000db580000,0x00000000db580000,0x00000000dc100000)
 ParOldGen       total 69120K, used 12389K [0x0000000085000000, 0x0000000089380000, 0x00000000d7000000)
  object space 69120K, 17% used [0x0000000085000000,0x0000000085c19760,0x0000000089380000)
 Metaspace       used 24808K, capacity 25842K, committed 25984K, reserved 1071104K
  class space    used 3145K, capacity 3406K, committed 3456K, reserved 1048576K
Event: 6,140 GC heap after
Heap after GC invocations=7 (full 1):
 PSYoungGen      total 71168K, used 5154K [0x00000000d7000000, 0x00000000dc780000, 0x0000000100000000)
  eden space 59392K, 0% used [0x00000000d7000000,0x00000000d7000000,0x00000000daa00000)
  from space 11776K, 43% used [0x00000000db580000,0x00000000dba88ab8,0x00000000dc100000)
  to   space 11776K, 0% used [0x00000000daa00000,0x00000000daa00000,0x00000000db580000)
 ParOldGen       total 69120K, used 12397K [0x0000000085000000, 0x0000000089380000, 0x00000000d7000000)
  object space 69120K, 17% used [0x0000000085000000,0x0000000085c1b760,0x0000000089380000)
 Metaspace       used 24808K, capacity 25842K, committed 25984K, reserved 1071104K
  class space    used 3145K, capacity 3406K, committed 3456K, reserved 1048576K
}
Event: 6,228 GC heap before
{Heap before GC invocations=8 (full 1):
 PSYoungGen      total 71168K, used 64546K [0x00000000d7000000, 0x00000000dc780000, 0x0000000100000000)
  eden space 59392K, 100% used [0x00000000d7000000,0x00000000daa00000,0x00000000daa00000)
  from space 11776K, 43% used [0x00000000db580000,0x00000000dba88ab8,0x00000000dc100000)
  to   space 11776K, 0% used [0x00000000daa00000,0x00000000daa00000,0x00000000db580000)
 ParOldGen       total 69120K, used 12397K [0x0000000085000000, 0x0000000089380000, 0x00000000d7000000)
  object space 69120K, 17% used [0x0000000085000000,0x0000000085c1b760,0x0000000089380000)
 Metaspace       used 24811K, capacity 25842K, committed 25984K, reserved 1071104K
  class space    used 3145K, capacity 3406K, committed 3456K, reserved 1048576K
Event: 6,235 GC heap after
Heap after GC invocations=8 (full 1):
 PSYoungGen      total 71168K, used 5200K [0x00000000d7000000, 0x00000000de700000, 0x0000000100000000)
  eden space 59392K, 0% used [0x00000000d7000000,0x00000000d7000000,0x00000000daa00000)
  from space 11776K, 44% used [0x00000000daa00000,0x00000000daf14038,0x00000000db580000)
  to   space 11264K, 0% used [0x00000000ddc00000,0x00000000ddc00000,0x00000000de700000)
 ParOldGen       total 69120K, used 12405K [0x0000000085000000, 0x0000000089380000, 0x00000000d7000000)
  object space 69120K, 17% used [0x0000000085000000,0x0000000085c1d760,0x0000000089380000)
 Metaspace       used 24811K, capacity 25842K, committed 25984K, reserved 1071104K
  class space    used 3145K, capacity 3406K, committed 3456K, reserved 1048576K
}
Event: 6,279 GC heap before
{Heap before GC invocations=9 (full 1):
 PSYoungGen      total 71168K, used 64592K [0x00000000d7000000, 0x00000000de700000, 0x0000000100000000)
  eden space 59392K, 100% used [0x00000000d7000000,0x00000000daa00000,0x00000000daa00000)
  from space 11776K, 44% used [0x00000000daa00000,0x00000000daf14038,0x00000000db580000)
  to   space 11264K, 0% used [0x00000000ddc00000,0x00000000ddc00000,0x00000000de700000)
 ParOldGen       total 69120K, used 12405K [0x0000000085000000, 0x0000000089380000, 0x00000000d7000000)
  object space 69120K, 17% used [0x0000000085000000,0x0000000085c1d760,0x0000000089380000)
 Metaspace       used 24814K, capacity 25842K, committed 25984K, reserved 1071104K
  class space    used 3145K, capacity 3406K, committed 3456K, reserved 1048576K
Event: 6,284 GC heap after
Heap after GC invocations=9 (full 1):
 PSYoungGen      total 109568K, used 96K [0x00000000d7000000, 0x00000000dec00000, 0x0000000100000000)
  eden space 98304K, 0% used [0x00000000d7000000,0x00000000d7000000,0x00000000dd000000)
  from space 11264K, 0% used [0x00000000ddc00000,0x00000000ddc18000,0x00000000de700000)
  to   space 12288K, 0% used [0x00000000dd000000,0x00000000dd000000,0x00000000ddc00000)
 ParOldGen       total 69120K, used 17540K [0x0000000085000000, 0x0000000089380000, 0x00000000d7000000)
  object space 69120K, 25% used [0x0000000085000000,0x0000000086121138,0x0000000089380000)
 Metaspace       used 24814K, capacity 25842K, committed 25984K, reserved 1071104K
  class space    used 3145K, capacity 3406K, committed 3456K, reserved 1048576K
}

