# JRE version: OpenJDK Runtime Environment (8.0_131-b11) (build 1.8.0_131-8u131-b11-0ubuntu1.16.04.2-b11)
# Java VM: OpenJDK 64-Bit Server VM (25.131-b11 mixed mode linux-amd64 compressed oops)
Heap:
 PSYoungGen      total 267776K, used 115301K [0x00000000d7000000, 0x00000000ed780000, 0x0000000100000000)
  eden space 254976K, 45% used [0x00000000d7000000,0x00000000de069560,0x00000000e6900000)
  from space 12800K, 1% used [0x00000000e6900000,0x00000000e6930000,0x00000000e7580000)
  to   space 12800K, 0% used [0x00000000ecb00000,0x00000000ecb00000,0x00000000ed780000)
 ParOldGen       total 68608K, used 18750K [0x0000000085000000, 0x0000000089300000, 0x00000000d7000000)
  object space 68608K, 27% used [0x0000000085000000,0x000000008624f980,0x0000000089300000)
 Metaspace       used 25038K, capacity 26042K, committed 26240K, reserved 1073152K
  class space    used 3155K, capacity 3408K, committed 3456K, reserved 1048576K
GC Heap History (10 events):
Event: 8,515 GC heap before
{Heap before GC invocations=10 (full 1):
 PSYoungGen      total 141312K, used 130208K [0x00000000d7000000, 0x00000000e0700000, 0x0000000100000000)
  eden space 130048K, 100% used [0x00000000d7000000,0x00000000def00000,0x00000000def00000)
  from space 11264K, 1% used [0x00000000dfb00000,0x00000000dfb28000,0x00000000e0600000)
  to   space 12288K, 0% used [0x00000000def00000,0x00000000def00000,0x00000000dfb00000)
 ParOldGen       total 68608K, used 18446K [0x0000000085000000, 0x0000000089300000, 0x00000000d7000000)
  object space 68608K, 26% used [0x0000000085000000,0x0000000086203980,0x0000000089300000)
 Metaspace       used 24930K, capacity 25976K, committed 26240K, reserved 1073152K
  class space    used 3145K, capacity 3407K, committed 3456K, reserved 1048576K
Event: 8,517 GC heap after
Heap after GC invocations=10 (full 1):
 PSYoungGen      total 142336K, used 160K [0x00000000d7000000, 0x00000000e4100000, 0x0000000100000000)
  eden space 130048K, 0% used [0x00000000d7000000,0x00000000d7000000,0x00000000def00000)
  from space 12288K, 1% used [0x00000000def00000,0x00000000def28000,0x00000000dfb00000)
  to   space 12800K, 0% used [0x00000000e3480000,0x00000000e3480000,0x00000000e4100000)
 ParOldGen       total 68608K, used 18502K [0x0000000085000000, 0x0000000089300000, 0x00000000d7000000)
  object space 68608K, 26% used [0x0000000085000000,0x0000000086211980,0x0000000089300000)
 Metaspace       used 24930K, capacity 25976K, committed 26240K, reserved 1073152K
  class space    used 3145K, capacity 3407K, committed 3456K, reserved 1048576K
}
Event: 8,675 GC heap before
{Heap before GC invocations=11 (full 1):
 PSYoungGen      total 142336K, used 130208K [0x00000000d7000000, 0x00000000e4100000, 0x0000000100000000)
  eden space 130048K, 100% used [0x00000000d7000000,0x00000000def00000,0x00000000def00000)
  from space 12288K, 1% used [0x00000000def00000,0x00000000def28000,0x00000000dfb00000)
  to   space 12800K, 0% used [0x00000000e3480000,0x00000000e3480000,0x00000000e4100000)
 ParOldGen       total 68608K, used 18502K [0x0000000085000000, 0x0000000089300000, 0x00000000d7000000)
  object space 68608K, 26% used [0x0000000085000000,0x0000000086211980,0x0000000089300000)
 Metaspace       used 24930K, capacity 25976K, committed 26240K, reserved 1073152K
  class space    used 3145K, capacity 3407K, committed 3456K, reserved 1048576K
Event: 8,677 GC heap after
Heap after GC invocations=11 (full 1):
 PSYoungGen      total 194048K, used 160K [0x00000000d7000000, 0x00000000e3d80000, 0x0000000100000000)
  eden space 184832K, 0% used [0x00000000d7000000,0x00000000d7000000,0x00000000e2480000)
  from space 9216K, 1% used [0x00000000e3480000,0x00000000e34a8000,0x00000000e3d80000)
  to   space 12800K, 0% used [0x00000000e2480000,0x00000000e2480000,0x00000000e3100000)
 ParOldGen       total 68608K, used 18558K [0x0000000085000000, 0x0000000089300000, 0x00000000d7000000)
  object space 68608K, 27% used [0x0000000085000000,0x000000008621f980,0x0000000089300000)
 Metaspace       used 24930K, capacity 25976K, committed 26240K, reserved 1073152K
  class space    used 3145K, capacity 3407K, committed 3456K, reserved 1048576K
}
Event: 8,899 GC heap before
{Heap before GC invocations=12 (full 1):
 PSYoungGen      total 194048K, used 184992K [0x00000000d7000000, 0x00000000e3d80000, 0x0000000100000000)
  eden space 184832K, 100% used [0x00000000d7000000,0x00000000e2480000,0x00000000e2480000)
  from space 9216K, 1% used [0x00000000e3480000,0x00000000e34a8000,0x00000000e3d80000)
  to   space 12800K, 0% used [0x00000000e2480000,0x00000000e2480000,0x00000000e3100000)
 ParOldGen       total 68608K, used 18558K [0x0000000085000000, 0x0000000089300000, 0x00000000d7000000)
  object space 68608K, 27% used [0x0000000085000000,0x000000008621f980,0x0000000089300000)
 Metaspace       used 24930K, capacity 25976K, committed 26240K, reserved 1073152K
  class space    used 3145K, capacity 3407K, committed 3456K, reserved 1048576K
Event: 8,901 GC heap after
Heap after GC invocations=12 (full 1):
 PSYoungGen      total 197632K, used 192K [0x00000000d7000000, 0x00000000e8400000, 0x0000000100000000)
  eden space 184832K, 0% used [0x00000000d7000000,0x00000000d7000000,0x00000000e2480000)
  from space 12800K, 1% used [0x00000000e2480000,0x00000000e24b0000,0x00000000e3100000)
  to   space 12800K, 0% used [0x00000000e7780000,0x00000000e7780000,0x00000000e8400000)
 ParOldGen       total 68608K, used 18646K [0x0000000085000000, 0x0000000089300000, 0x00000000d7000000)
  object space 68608K, 27% used [0x0000000085000000,0x0000000086235980,0x0000000089300000)
 Metaspace       used 24930K, capacity 25976K, committed 26240K, reserved 1073152K
  class space    used 3145K, capacity 3407K, committed 3456K, reserved 1048576K
}
Event: 9,119 GC heap before
{Heap before GC invocations=13 (full 1):
 PSYoungGen      total 197632K, used 185024K [0x00000000d7000000, 0x00000000e8400000, 0x0000000100000000)
  eden space 184832K, 100% used [0x00000000d7000000,0x00000000e2480000,0x00000000e2480000)
  from space 12800K, 1% used [0x00000000e2480000,0x00000000e24b0000,0x00000000e3100000)
  to   space 12800K, 0% used [0x00000000e7780000,0x00000000e7780000,0x00000000e8400000)
 ParOldGen       total 68608K, used 18646K [0x0000000085000000, 0x0000000089300000, 0x00000000d7000000)
  object space 68608K, 27% used [0x0000000085000000,0x0000000086235980,0x0000000089300000)
 Metaspace       used 24931K, capacity 25976K, committed 26240K, reserved 1073152K
  class space    used 3145K, capacity 3407K, committed 3456K, reserved 1048576K
Event: 9,125 GC heap after
Heap after GC invocations=13 (full 1):
 PSYoungGen      total 265728K, used 192K [0x00000000d7000000, 0x00000000e8200000, 0x0000000100000000)
  eden space 254976K, 0% used [0x00000000d7000000,0x00000000d7000000,0x00000000e6900000)
  from space 10752K, 1% used [0x00000000e7780000,0x00000000e77b0000,0x00000000e8200000)
  to   space 12800K, 0% used [0x00000000e6900000,0x00000000e6900000,0x00000000e7580000)
 ParOldGen       total 68608K, used 18702K [0x0000000085000000, 0x0000000089300000, 0x00000000d7000000)
  object space 68608K, 27% used [0x0000000085000000,0x0000000086243980,0x0000000089300000)
 Metaspace       used 24931K, capacity 25976K, committed 26240K, reserved 1073152K
  class space    used 3145K, capacity 3407K, committed 3456K, reserved 1048576K
}
Event: 9,413 GC heap before
{Heap before GC invocations=14 (full 1):
 PSYoungGen      total 265728K, used 255168K [0x00000000d7000000, 0x00000000e8200000, 0x0000000100000000)
  eden space 254976K, 100% used [0x00000000d7000000,0x00000000e6900000,0x00000000e6900000)
  from space 10752K, 1% used [0x00000000e7780000,0x00000000e77b0000,0x00000000e8200000)
  to   space 12800K, 0% used [0x00000000e6900000,0x00000000e6900000,0x00000000e7580000)
 ParOldGen       total 68608K, used 18702K [0x0000000085000000, 0x0000000089300000, 0x00000000d7000000)
  object space 68608K, 27% used [0x0000000085000000,0x0000000086243980,0x0000000089300000)
 Metaspace       used 24931K, capacity 25976K, committed 26240K, reserved 1073152K
  class space    used 3145K, capacity 3407K, committed 3456K, reserved 1048576K
Event: 9,415 GC heap after
Heap after GC invocations=14 (full 1):
 PSYoungGen      total 267776K, used 192K [0x00000000d7000000, 0x00000000ed780000, 0x0000000100000000)
  eden space 254976K, 0% used [0x00000000d7000000,0x00000000d7000000,0x00000000e6900000)
  from space 12800K, 1% used [0x00000000e6900000,0x00000000e6930000,0x00000000e7580000)
  to   space 12800K, 0% used [0x00000000ecb00000,0x00000000ecb00000,0x00000000ed780000)
 ParOldGen       total 68608K, used 18750K [0x0000000085000000, 0x0000000089300000, 0x00000000d7000000)
  object space 68608K, 27% used [0x0000000085000000,0x000000008624f980,0x0000000089300000)
 Metaspace       used 24931K, capacity 25976K, committed 26240K, reserved 1073152K
  class space    used 3145K, capacity 3407K, committed 3456K, reserved 1048576K
}

